[2025-05-22 11:57:23 +0200] [209574] [INFO] Starting gunicorn 23.0.0
[2025-05-22 11:57:23 +0200] [209574] [INFO] Listening at: http://0.0.0.0:5001 (209574)
[2025-05-22 11:57:23 +0200] [209574] [INFO] Using worker: sync
[2025-05-22 11:57:23 +0200] [209575] [INFO] Booting worker with pid: 209575
[2025-05-22 11:57:23 +0200] [209576] [INFO] Booting worker with pid: 209576
[2025-05-22 11:57:23 +0200] [209577] [INFO] Booting worker with pid: 209577
[2025-05-22 11:57:23 +0200] [209578] [INFO] Booting worker with pid: 209578
[2025-05-22 11:58:28 +0200] [209574] [INFO] Handling signal: int
[2025-05-22 11:58:28 +0200] [209576] [INFO] Worker exiting (pid: 209576)
[2025-05-22 11:58:28 +0200] [209577] [INFO] Worker exiting (pid: 209577)
[2025-05-22 11:58:28 +0200] [209575] [INFO] Worker exiting (pid: 209575)
[2025-05-22 11:58:28 +0200] [209578] [INFO] Worker exiting (pid: 209578)
[2025-05-22 11:58:28 +0200] [209574] [INFO] Shutting down: Master
[2025-05-22 11:58:33 +0200] [209681] [INFO] Starting gunicorn 23.0.0
[2025-05-22 11:58:33 +0200] [209681] [INFO] Listening at: http://0.0.0.0:5001 (209681)
[2025-05-22 11:58:33 +0200] [209681] [INFO] Using worker: sync
[2025-05-22 11:58:33 +0200] [209682] [INFO] Booting worker with pid: 209682
[2025-05-22 11:58:33 +0200] [209683] [INFO] Booting worker with pid: 209683
[2025-05-22 11:58:33 +0200] [209684] [INFO] Booting worker with pid: 209684
[2025-05-22 11:58:34 +0200] [209685] [INFO] Booting worker with pid: 209685
[2025-05-22 12:00:33 +0200] [209681] [INFO] Handling signal: int
[2025-05-22 12:00:34 +0200] [209684] [INFO] Worker exiting (pid: 209684)
[2025-05-22 12:00:34 +0200] [209685] [INFO] Worker exiting (pid: 209685)
[2025-05-22 12:00:34 +0200] [209683] [INFO] Worker exiting (pid: 209683)
[2025-05-22 12:00:34 +0200] [209682] [INFO] Worker exiting (pid: 209682)
[2025-05-22 12:00:34 +0200] [209681] [INFO] Shutting down: Master
[2025-05-22 12:07:22 +0200] [210432] [INFO] Starting gunicorn 23.0.0
[2025-05-22 12:07:22 +0200] [210432] [INFO] Listening at: http://0.0.0.0:5001 (210432)
[2025-05-22 12:07:22 +0200] [210432] [INFO] Using worker: sync
[2025-05-22 12:07:22 +0200] [210433] [INFO] Booting worker with pid: 210433
[2025-05-22 12:07:23 +0200] [210434] [INFO] Booting worker with pid: 210434
[2025-05-22 12:07:23 +0200] [210435] [INFO] Booting worker with pid: 210435
[2025-05-22 12:07:23 +0200] [210436] [INFO] Booting worker with pid: 210436
[2025-05-22 12:07:28 +0200] [210432] [INFO] Handling signal: int
[2025-05-22 12:07:28 +0200] [210435] [INFO] Worker exiting (pid: 210435)
[2025-05-22 12:07:28 +0200] [210434] [INFO] Worker exiting (pid: 210434)
[2025-05-22 12:07:28 +0200] [210436] [INFO] Worker exiting (pid: 210436)
[2025-05-22 12:07:28 +0200] [210433] [INFO] Worker exiting (pid: 210433)
[2025-05-22 12:07:28 +0200] [210432] [INFO] Shutting down: Master
[2025-05-22 12:07:43 +0200] [210591] [INFO] Starting gunicorn 23.0.0
[2025-05-22 12:07:43 +0200] [210591] [INFO] Listening at: http://0.0.0.0:5001 (210591)
[2025-05-22 12:07:43 +0200] [210591] [INFO] Using worker: sync
[2025-05-22 12:07:43 +0200] [210592] [INFO] Booting worker with pid: 210592
[2025-05-22 12:07:43 +0200] [210593] [INFO] Booting worker with pid: 210593
[2025-05-22 12:07:43 +0200] [210594] [INFO] Booting worker with pid: 210594
[2025-05-22 12:07:43 +0200] [210595] [INFO] Booting worker with pid: 210595
[2025-05-22 12:09:17 +0200] [210591] [INFO] Handling signal: int
[2025-05-22 12:09:17 +0200] [210594] [INFO] Worker exiting (pid: 210594)
[2025-05-22 12:09:18 +0200] [210591] [INFO] Shutting down: Master
